/home/chelse/ros2_ws_ROB599_Project/install/blueberry_dc/lib/python3.10/site-packages/blueberry_dc/ros_bag_to_csv_old.py
/home/chelse/ros2_ws_ROB599_Project/install/blueberry_dc/lib/python3.10/site-packages/blueberry_dc/ros_bag_to_csv.py
/home/chelse/ros2_ws_ROB599_Project/install/blueberry_dc/lib/python3.10/site-packages/blueberry_dc/__init__.py
/home/chelse/ros2_ws_ROB599_Project/install/blueberry_dc/lib/python3.10/site-packages/blueberry_dc/ros_bag_play.py
/home/chelse/ros2_ws_ROB599_Project/install/blueberry_dc/lib/python3.10/site-packages/blueberry_dc/arduino_interface.py
/home/chelse/ros2_ws_ROB599_Project/install/blueberry_dc/lib/python3.10/site-packages/blueberry_dc/RosBagToCSV.py
/home/chelse/ros2_ws_ROB599_Project/install/blueberry_dc/lib/python3.10/site-packages/blueberry_dc/ros_bag_to_csv_heights.py
/home/chelse/ros2_ws_ROB599_Project/install/blueberry_dc/lib/python3.10/site-packages/blueberry_dc/__pycache__/ros_bag_to_csv_old.cpython-310.pyc
/home/chelse/ros2_ws_ROB599_Project/install/blueberry_dc/lib/python3.10/site-packages/blueberry_dc/__pycache__/ros_bag_to_csv.cpython-310.pyc
/home/chelse/ros2_ws_ROB599_Project/install/blueberry_dc/lib/python3.10/site-packages/blueberry_dc/__pycache__/__init__.cpython-310.pyc
/home/chelse/ros2_ws_ROB599_Project/install/blueberry_dc/lib/python3.10/site-packages/blueberry_dc/__pycache__/ros_bag_play.cpython-310.pyc
/home/chelse/ros2_ws_ROB599_Project/install/blueberry_dc/lib/python3.10/site-packages/blueberry_dc/__pycache__/arduino_interface.cpython-310.pyc
/home/chelse/ros2_ws_ROB599_Project/install/blueberry_dc/lib/python3.10/site-packages/blueberry_dc/__pycache__/RosBagToCSV.cpython-310.pyc
/home/chelse/ros2_ws_ROB599_Project/install/blueberry_dc/lib/python3.10/site-packages/blueberry_dc/__pycache__/ros_bag_to_csv_heights.cpython-310.pyc
/home/chelse/ros2_ws_ROB599_Project/install/blueberry_dc/share/ament_index/resource_index/packages/blueberry_dc
/home/chelse/ros2_ws_ROB599_Project/install/blueberry_dc/share/blueberry_dc/package.xml
/home/chelse/ros2_ws_ROB599_Project/install/blueberry_dc/share/blueberry_dc/launch/blueberry_dc.launch.py
/home/chelse/ros2_ws_ROB599_Project/install/blueberry_dc/share/blueberry_dc/launch/csv.launch.py
/home/chelse/ros2_ws_ROB599_Project/install/blueberry_dc/lib/python3.10/site-packages/blueberry_dc-0.0.0-py3.10.egg-info/SOURCES.txt
/home/chelse/ros2_ws_ROB599_Project/install/blueberry_dc/lib/python3.10/site-packages/blueberry_dc-0.0.0-py3.10.egg-info/zip-safe
/home/chelse/ros2_ws_ROB599_Project/install/blueberry_dc/lib/python3.10/site-packages/blueberry_dc-0.0.0-py3.10.egg-info/entry_points.txt
/home/chelse/ros2_ws_ROB599_Project/install/blueberry_dc/lib/python3.10/site-packages/blueberry_dc-0.0.0-py3.10.egg-info/PKG-INFO
/home/chelse/ros2_ws_ROB599_Project/install/blueberry_dc/lib/python3.10/site-packages/blueberry_dc-0.0.0-py3.10.egg-info/requires.txt
/home/chelse/ros2_ws_ROB599_Project/install/blueberry_dc/lib/python3.10/site-packages/blueberry_dc-0.0.0-py3.10.egg-info/top_level.txt
/home/chelse/ros2_ws_ROB599_Project/install/blueberry_dc/lib/python3.10/site-packages/blueberry_dc-0.0.0-py3.10.egg-info/dependency_links.txt
/home/chelse/ros2_ws_ROB599_Project/install/blueberry_dc/lib/blueberry_dc/arduino_interface
/home/chelse/ros2_ws_ROB599_Project/install/blueberry_dc/lib/blueberry_dc/bag_reader
/home/chelse/ros2_ws_ROB599_Project/install/blueberry_dc/lib/blueberry_dc/data_subscriber
/home/chelse/ros2_ws_ROB599_Project/install/blueberry_dc/lib/blueberry_dc/ros_bag_play
/home/chelse/ros2_ws_ROB599_Project/install/blueberry_dc/lib/blueberry_dc/ros_bag_to_csv
/home/chelse/ros2_ws_ROB599_Project/install/blueberry_dc/lib/blueberry_dc/ros_bag_to_csv_old
