[1.370s] DEBUG:colcon:Command line arguments: ['/home/chelse/.local/bin/colcon', 'build']
[1.370s] DEBUG:colcon:Parsed command line arguments: Namespace(log_base=None, log_level=None, verb_name='build', build_base='build', install_base='install', merge_install=False, symlink_install=False, test_result_base=None, continue_on_error=False, executor='parallel', parallel_workers=12, event_handlers=None, ignore_user_meta=False, metas=['./colcon.meta'], base_paths=['.'], packages_ignore=None, packages_ignore_regex=None, paths=None, packages_up_to=None, packages_up_to_regex=None, packages_above=None, packages_above_and_dependencies=None, packages_above_depth=None, packages_select_by_dep=None, packages_skip_by_dep=None, packages_skip_up_to=None, packages_select_build_failed=False, packages_skip_build_finished=False, packages_select_test_failures=False, packages_skip_test_passed=False, packages_select=None, packages_skip=None, packages_select_regex=None, packages_skip_regex=None, packages_start=None, packages_end=None, cmake_args=None, cmake_target=None, cmake_target_skip_unavailable=False, cmake_clean_cache=False, cmake_clean_first=False, cmake_force_configure=False, ament_cmake_args=None, catkin_cmake_args=None, catkin_skip_building_tests=False, verb_parser=<colcon_defaults.argument_parser.defaults.DefaultArgumentsDecorator object at 0x7f0d1f8d9cf0>, verb_extension=<colcon_core.verb.build.BuildVerb object at 0x7f0d1f8dbd00>, main=<bound method BuildVerb.main of <colcon_core.verb.build.BuildVerb object at 0x7f0d1f8dbd00>>)
[1.434s] Level 1:colcon.colcon_core.package_discovery:discover_packages(colcon_meta) check parameters
[1.434s] Level 1:colcon.colcon_core.package_discovery:discover_packages(recursive) check parameters
[1.434s] Level 1:colcon.colcon_core.package_discovery:discover_packages(ignore) check parameters
[1.434s] Level 1:colcon.colcon_core.package_discovery:discover_packages(path) check parameters
[1.434s] Level 1:colcon.colcon_core.package_discovery:discover_packages(colcon_meta) discover
[1.434s] Level 1:colcon.colcon_core.package_discovery:discover_packages(recursive) discover
[1.434s] INFO:colcon.colcon_core.package_discovery:Crawling recursively for packages in '/home/chelse/ros2_ws_ROB599_Project'
[1.434s] Level 1:colcon.colcon_core.package_identification:_identify(.) by extensions ['ignore', 'ignore_ament_install']
[1.434s] Level 1:colcon.colcon_core.package_identification:_identify(.) by extension 'ignore'
[1.434s] Level 1:colcon.colcon_core.package_identification:_identify(.) by extension 'ignore_ament_install'
[1.434s] Level 1:colcon.colcon_core.package_identification:_identify(.) by extensions ['colcon_pkg']
[1.434s] Level 1:colcon.colcon_core.package_identification:_identify(.) by extension 'colcon_pkg'
[1.434s] Level 1:colcon.colcon_core.package_identification:_identify(.) by extensions ['colcon_meta']
[1.434s] Level 1:colcon.colcon_core.package_identification:_identify(.) by extension 'colcon_meta'
[1.435s] Level 1:colcon.colcon_core.package_identification:_identify(.) by extensions ['ros']
[1.435s] Level 1:colcon.colcon_core.package_identification:_identify(.) by extension 'ros'
[1.448s] Level 1:colcon.colcon_core.package_identification:_identify(.) by extensions ['cmake', 'python']
[1.448s] Level 1:colcon.colcon_core.package_identification:_identify(.) by extension 'cmake'
[1.448s] Level 1:colcon.colcon_core.package_identification:_identify(.) by extension 'python'
[1.449s] Level 1:colcon.colcon_core.package_identification:_identify(.) by extensions ['python_setup_py']
[1.449s] Level 1:colcon.colcon_core.package_identification:_identify(.) by extension 'python_setup_py'
[1.449s] Level 1:colcon.colcon_core.package_identification:_identify(Arduino Code) by extensions ['ignore', 'ignore_ament_install']
[1.449s] Level 1:colcon.colcon_core.package_identification:_identify(Arduino Code) by extension 'ignore'
[1.449s] Level 1:colcon.colcon_core.package_identification:_identify(Arduino Code) by extension 'ignore_ament_install'
[1.449s] Level 1:colcon.colcon_core.package_identification:_identify(Arduino Code) by extensions ['colcon_pkg']
[1.449s] Level 1:colcon.colcon_core.package_identification:_identify(Arduino Code) by extension 'colcon_pkg'
[1.449s] Level 1:colcon.colcon_core.package_identification:_identify(Arduino Code) by extensions ['colcon_meta']
[1.449s] Level 1:colcon.colcon_core.package_identification:_identify(Arduino Code) by extension 'colcon_meta'
[1.449s] Level 1:colcon.colcon_core.package_identification:_identify(Arduino Code) by extensions ['ros']
[1.449s] Level 1:colcon.colcon_core.package_identification:_identify(Arduino Code) by extension 'ros'
[1.449s] Level 1:colcon.colcon_core.package_identification:_identify(Arduino Code) by extensions ['cmake', 'python']
[1.449s] Level 1:colcon.colcon_core.package_identification:_identify(Arduino Code) by extension 'cmake'
[1.449s] Level 1:colcon.colcon_core.package_identification:_identify(Arduino Code) by extension 'python'
[1.449s] Level 1:colcon.colcon_core.package_identification:_identify(Arduino Code) by extensions ['python_setup_py']
[1.450s] Level 1:colcon.colcon_core.package_identification:_identify(Arduino Code) by extension 'python_setup_py'
[1.450s] Level 1:colcon.colcon_core.package_identification:_identify(Arduino Code/StepperAndLoadCellv9) by extensions ['ignore', 'ignore_ament_install']
[1.450s] Level 1:colcon.colcon_core.package_identification:_identify(Arduino Code/StepperAndLoadCellv9) by extension 'ignore'
[1.450s] Level 1:colcon.colcon_core.package_identification:_identify(Arduino Code/StepperAndLoadCellv9) by extension 'ignore_ament_install'
[1.450s] Level 1:colcon.colcon_core.package_identification:_identify(Arduino Code/StepperAndLoadCellv9) by extensions ['colcon_pkg']
[1.450s] Level 1:colcon.colcon_core.package_identification:_identify(Arduino Code/StepperAndLoadCellv9) by extension 'colcon_pkg'
[1.450s] Level 1:colcon.colcon_core.package_identification:_identify(Arduino Code/StepperAndLoadCellv9) by extensions ['colcon_meta']
[1.450s] Level 1:colcon.colcon_core.package_identification:_identify(Arduino Code/StepperAndLoadCellv9) by extension 'colcon_meta'
[1.450s] Level 1:colcon.colcon_core.package_identification:_identify(Arduino Code/StepperAndLoadCellv9) by extensions ['ros']
[1.450s] Level 1:colcon.colcon_core.package_identification:_identify(Arduino Code/StepperAndLoadCellv9) by extension 'ros'
[1.450s] Level 1:colcon.colcon_core.package_identification:_identify(Arduino Code/StepperAndLoadCellv9) by extensions ['cmake', 'python']
[1.450s] Level 1:colcon.colcon_core.package_identification:_identify(Arduino Code/StepperAndLoadCellv9) by extension 'cmake'
[1.450s] Level 1:colcon.colcon_core.package_identification:_identify(Arduino Code/StepperAndLoadCellv9) by extension 'python'
[1.450s] Level 1:colcon.colcon_core.package_identification:_identify(Arduino Code/StepperAndLoadCellv9) by extensions ['python_setup_py']
[1.450s] Level 1:colcon.colcon_core.package_identification:_identify(Arduino Code/StepperAndLoadCellv9) by extension 'python_setup_py'
[1.451s] Level 1:colcon.colcon_core.package_identification:_identify(bag_files) by extensions ['ignore', 'ignore_ament_install']
[1.451s] Level 1:colcon.colcon_core.package_identification:_identify(bag_files) by extension 'ignore'
[1.451s] Level 1:colcon.colcon_core.package_identification:_identify(bag_files) by extension 'ignore_ament_install'
[1.451s] Level 1:colcon.colcon_core.package_identification:_identify(bag_files) by extensions ['colcon_pkg']
[1.451s] Level 1:colcon.colcon_core.package_identification:_identify(bag_files) by extension 'colcon_pkg'
[1.451s] Level 1:colcon.colcon_core.package_identification:_identify(bag_files) by extensions ['colcon_meta']
[1.451s] Level 1:colcon.colcon_core.package_identification:_identify(bag_files) by extension 'colcon_meta'
[1.451s] Level 1:colcon.colcon_core.package_identification:_identify(bag_files) by extensions ['ros']
[1.451s] Level 1:colcon.colcon_core.package_identification:_identify(bag_files) by extension 'ros'
[1.451s] Level 1:colcon.colcon_core.package_identification:_identify(bag_files) by extensions ['cmake', 'python']
[1.451s] Level 1:colcon.colcon_core.package_identification:_identify(bag_files) by extension 'cmake'
[1.451s] Level 1:colcon.colcon_core.package_identification:_identify(bag_files) by extension 'python'
[1.451s] Level 1:colcon.colcon_core.package_identification:_identify(bag_files) by extensions ['python_setup_py']
[1.451s] Level 1:colcon.colcon_core.package_identification:_identify(bag_files) by extension 'python_setup_py'
[1.451s] Level 1:colcon.colcon_core.package_identification:_identify(build) by extensions ['ignore', 'ignore_ament_install']
[1.452s] Level 1:colcon.colcon_core.package_identification:_identify(build) by extension 'ignore'
[1.452s] Level 1:colcon.colcon_core.package_identification:_identify(build) ignored
[1.452s] Level 1:colcon.colcon_core.package_identification:_identify(install) by extensions ['ignore', 'ignore_ament_install']
[1.452s] Level 1:colcon.colcon_core.package_identification:_identify(install) by extension 'ignore'
[1.452s] Level 1:colcon.colcon_core.package_identification:_identify(install) ignored
[1.452s] Level 1:colcon.colcon_core.package_identification:_identify(log) by extensions ['ignore', 'ignore_ament_install']
[1.452s] Level 1:colcon.colcon_core.package_identification:_identify(log) by extension 'ignore'
[1.452s] Level 1:colcon.colcon_core.package_identification:_identify(log) ignored
[1.452s] Level 1:colcon.colcon_core.package_identification:_identify(src) by extensions ['ignore', 'ignore_ament_install']
[1.453s] Level 1:colcon.colcon_core.package_identification:_identify(src) by extension 'ignore'
[1.453s] Level 1:colcon.colcon_core.package_identification:_identify(src) by extension 'ignore_ament_install'
[1.453s] Level 1:colcon.colcon_core.package_identification:_identify(src) by extensions ['colcon_pkg']
[1.453s] Level 1:colcon.colcon_core.package_identification:_identify(src) by extension 'colcon_pkg'
[1.453s] Level 1:colcon.colcon_core.package_identification:_identify(src) by extensions ['colcon_meta']
[1.453s] Level 1:colcon.colcon_core.package_identification:_identify(src) by extension 'colcon_meta'
[1.453s] Level 1:colcon.colcon_core.package_identification:_identify(src) by extensions ['ros']
[1.453s] Level 1:colcon.colcon_core.package_identification:_identify(src) by extension 'ros'
[1.453s] Level 1:colcon.colcon_core.package_identification:_identify(src) by extensions ['cmake', 'python']
[1.453s] Level 1:colcon.colcon_core.package_identification:_identify(src) by extension 'cmake'
[1.453s] Level 1:colcon.colcon_core.package_identification:_identify(src) by extension 'python'
[1.453s] Level 1:colcon.colcon_core.package_identification:_identify(src) by extensions ['python_setup_py']
[1.453s] Level 1:colcon.colcon_core.package_identification:_identify(src) by extension 'python_setup_py'
[1.453s] Level 1:colcon.colcon_core.package_identification:_identify(src/blueberry_dc) by extensions ['ignore', 'ignore_ament_install']
[1.453s] Level 1:colcon.colcon_core.package_identification:_identify(src/blueberry_dc) by extension 'ignore'
[1.454s] Level 1:colcon.colcon_core.package_identification:_identify(src/blueberry_dc) by extension 'ignore_ament_install'
[1.454s] Level 1:colcon.colcon_core.package_identification:_identify(src/blueberry_dc) by extensions ['colcon_pkg']
[1.454s] Level 1:colcon.colcon_core.package_identification:_identify(src/blueberry_dc) by extension 'colcon_pkg'
[1.454s] Level 1:colcon.colcon_core.package_identification:_identify(src/blueberry_dc) by extensions ['colcon_meta']
[1.454s] Level 1:colcon.colcon_core.package_identification:_identify(src/blueberry_dc) by extension 'colcon_meta'
[1.454s] Level 1:colcon.colcon_core.package_identification:_identify(src/blueberry_dc) by extensions ['ros']
[1.454s] Level 1:colcon.colcon_core.package_identification:_identify(src/blueberry_dc) by extension 'ros'
[1.457s] DEBUG:colcon.colcon_core.package_identification:Package 'src/blueberry_dc' with type 'ros.ament_python' and name 'blueberry_dc'
[1.457s] Level 1:colcon.colcon_core.package_discovery:discover_packages(recursive) using defaults
[1.457s] Level 1:colcon.colcon_core.package_discovery:discover_packages(ignore) discover
[1.457s] Level 1:colcon.colcon_core.package_discovery:discover_packages(ignore) using defaults
[1.457s] Level 1:colcon.colcon_core.package_discovery:discover_packages(path) discover
[1.457s] Level 1:colcon.colcon_core.package_discovery:discover_packages(path) using defaults
[1.564s] Level 5:colcon.colcon_core.verb:set package 'blueberry_dc' build argument 'cmake_args' from command line to 'None'
[1.564s] Level 5:colcon.colcon_core.verb:set package 'blueberry_dc' build argument 'cmake_target' from command line to 'None'
[1.564s] Level 5:colcon.colcon_core.verb:set package 'blueberry_dc' build argument 'cmake_target_skip_unavailable' from command line to 'False'
[1.564s] Level 5:colcon.colcon_core.verb:set package 'blueberry_dc' build argument 'cmake_clean_cache' from command line to 'False'
[1.564s] Level 5:colcon.colcon_core.verb:set package 'blueberry_dc' build argument 'cmake_clean_first' from command line to 'False'
[1.564s] Level 5:colcon.colcon_core.verb:set package 'blueberry_dc' build argument 'cmake_force_configure' from command line to 'False'
[1.564s] Level 5:colcon.colcon_core.verb:set package 'blueberry_dc' build argument 'ament_cmake_args' from command line to 'None'
[1.564s] Level 5:colcon.colcon_core.verb:set package 'blueberry_dc' build argument 'catkin_cmake_args' from command line to 'None'
[1.564s] Level 5:colcon.colcon_core.verb:set package 'blueberry_dc' build argument 'catkin_skip_building_tests' from command line to 'False'
[1.564s] DEBUG:colcon.colcon_core.verb:Building package 'blueberry_dc' with the following arguments: {'ament_cmake_args': None, 'build_base': '/home/chelse/ros2_ws_ROB599_Project/build/blueberry_dc', 'catkin_cmake_args': None, 'catkin_skip_building_tests': False, 'cmake_args': None, 'cmake_clean_cache': False, 'cmake_clean_first': False, 'cmake_force_configure': False, 'cmake_target': None, 'cmake_target_skip_unavailable': False, 'install_base': '/home/chelse/ros2_ws_ROB599_Project/install/blueberry_dc', 'merge_install': False, 'path': '/home/chelse/ros2_ws_ROB599_Project/src/blueberry_dc', 'symlink_install': False, 'test_result_base': None}
[1.584s] INFO:colcon.colcon_core.executor:Executing jobs using 'parallel' executor
[1.605s] DEBUG:colcon.colcon_parallel_executor.executor.parallel:run_until_complete
[1.606s] INFO:colcon.colcon_ros.task.ament_python.build:Building ROS package in '/home/chelse/ros2_ws_ROB599_Project/src/blueberry_dc' with build type 'ament_python'
[1.607s] Level 1:colcon.colcon_core.shell:create_environment_hook('blueberry_dc', 'ament_prefix_path')
[1.632s] INFO:colcon.colcon_core.plugin_system:Skipping extension 'colcon_core.shell.bat': Not used on non-Windows systems
[1.633s] INFO:colcon.colcon_core.shell:Creating environment hook '/home/chelse/ros2_ws_ROB599_Project/install/blueberry_dc/share/blueberry_dc/hook/ament_prefix_path.ps1'
[1.634s] INFO:colcon.colcon_core.shell:Creating environment descriptor '/home/chelse/ros2_ws_ROB599_Project/install/blueberry_dc/share/blueberry_dc/hook/ament_prefix_path.dsv'
[1.634s] INFO:colcon.colcon_core.shell:Creating environment hook '/home/chelse/ros2_ws_ROB599_Project/install/blueberry_dc/share/blueberry_dc/hook/ament_prefix_path.sh'
[1.661s] INFO:colcon.colcon_core.shell:Skip shell extension 'powershell' for command environment: Not usable outside of PowerShell
[1.661s] DEBUG:colcon.colcon_core.shell:Skip shell extension 'dsv' for command environment
[2.051s] INFO:colcon.colcon_core.task.python.build:Building Python package in '/home/chelse/ros2_ws_ROB599_Project/src/blueberry_dc'
[2.071s] INFO:colcon.colcon_core.shell:Skip shell extension 'powershell' for command environment: Not usable outside of PowerShell
[2.072s] DEBUG:colcon.colcon_core.shell:Skip shell extension 'dsv' for command environment
[2.581s] DEBUG:colcon.colcon_core.event_handler.log_command:Invoking command in '/home/chelse/ros2_ws_ROB599_Project/src/blueberry_dc': PYTHONPATH=/home/chelse/ros2_ws_ROB599_Project/build/blueberry_dc/prefix_override:/home/chelse/ros2_ws_ROB599_Project/install/blueberry_dc/lib/python3.10/site-packages:${PYTHONPATH} /usr/bin/python3 setup.py egg_info --egg-base ../../build/blueberry_dc build --build-base /home/chelse/ros2_ws_ROB599_Project/build/blueberry_dc/build install --record /home/chelse/ros2_ws_ROB599_Project/build/blueberry_dc/install.log --single-version-externally-managed
[2.967s] DEBUG:colcon.colcon_core.event_handler.log_command:Invoked command in '/home/chelse/ros2_ws_ROB599_Project/src/blueberry_dc' returned '0': PYTHONPATH=/home/chelse/ros2_ws_ROB599_Project/build/blueberry_dc/prefix_override:/home/chelse/ros2_ws_ROB599_Project/install/blueberry_dc/lib/python3.10/site-packages:${PYTHONPATH} /usr/bin/python3 setup.py egg_info --egg-base ../../build/blueberry_dc build --build-base /home/chelse/ros2_ws_ROB599_Project/build/blueberry_dc/build install --record /home/chelse/ros2_ws_ROB599_Project/build/blueberry_dc/install.log --single-version-externally-managed
[2.997s] Level 1:colcon.colcon_core.environment:checking '/home/chelse/ros2_ws_ROB599_Project/install/blueberry_dc' for CMake module files
[2.998s] Level 1:colcon.colcon_core.environment:checking '/home/chelse/ros2_ws_ROB599_Project/install/blueberry_dc' for CMake config files
[2.999s] Level 1:colcon.colcon_core.environment:checking '/home/chelse/ros2_ws_ROB599_Project/install/blueberry_dc/lib'
[2.999s] Level 1:colcon.colcon_core.environment:checking '/home/chelse/ros2_ws_ROB599_Project/install/blueberry_dc/bin'
[2.999s] Level 1:colcon.colcon_core.environment:checking '/home/chelse/ros2_ws_ROB599_Project/install/blueberry_dc/lib/pkgconfig/blueberry_dc.pc'
[3.000s] Level 1:colcon.colcon_core.environment:checking '/home/chelse/ros2_ws_ROB599_Project/install/blueberry_dc/lib/python3.10/site-packages'
[3.000s] Level 1:colcon.colcon_core.shell:create_environment_hook('blueberry_dc', 'pythonpath')
[3.023s] INFO:colcon.colcon_core.shell:Creating environment hook '/home/chelse/ros2_ws_ROB599_Project/install/blueberry_dc/share/blueberry_dc/hook/pythonpath.ps1'
[3.024s] INFO:colcon.colcon_core.shell:Creating environment descriptor '/home/chelse/ros2_ws_ROB599_Project/install/blueberry_dc/share/blueberry_dc/hook/pythonpath.dsv'
[3.024s] INFO:colcon.colcon_core.shell:Creating environment hook '/home/chelse/ros2_ws_ROB599_Project/install/blueberry_dc/share/blueberry_dc/hook/pythonpath.sh'
[3.025s] Level 1:colcon.colcon_core.environment:checking '/home/chelse/ros2_ws_ROB599_Project/install/blueberry_dc/bin'
[3.025s] Level 1:colcon.colcon_core.environment:create_environment_scripts_only(blueberry_dc)
[3.057s] INFO:colcon.colcon_core.shell:Creating package script '/home/chelse/ros2_ws_ROB599_Project/install/blueberry_dc/share/blueberry_dc/package.ps1'
[3.058s] INFO:colcon.colcon_core.shell:Creating package descriptor '/home/chelse/ros2_ws_ROB599_Project/install/blueberry_dc/share/blueberry_dc/package.dsv'
[3.059s] INFO:colcon.colcon_core.shell:Creating package script '/home/chelse/ros2_ws_ROB599_Project/install/blueberry_dc/share/blueberry_dc/package.sh'
[3.060s] INFO:colcon.colcon_core.shell:Creating package script '/home/chelse/ros2_ws_ROB599_Project/install/blueberry_dc/share/blueberry_dc/package.bash'
[3.061s] INFO:colcon.colcon_core.shell:Creating package script '/home/chelse/ros2_ws_ROB599_Project/install/blueberry_dc/share/blueberry_dc/package.zsh'
[3.061s] Level 1:colcon.colcon_core.environment:create_file_with_runtime_dependencies(/home/chelse/ros2_ws_ROB599_Project/install/blueberry_dc/share/colcon-core/packages/blueberry_dc)
[3.062s] DEBUG:colcon.colcon_parallel_executor.executor.parallel:closing loop
[3.062s] DEBUG:colcon.colcon_parallel_executor.executor.parallel:loop closed
[3.062s] DEBUG:colcon.colcon_parallel_executor.executor.parallel:run_until_complete finished with '0'
[3.063s] DEBUG:colcon.colcon_core.event_reactor:joining thread
[3.097s] INFO:colcon.colcon_core.plugin_system:Skipping extension 'colcon_notification.desktop_notification.terminal_notifier': Not used on non-Darwin systems
[3.097s] INFO:colcon.colcon_core.plugin_system:Skipping extension 'colcon_notification.desktop_notification.win32': Not used on non-Windows systems
[3.097s] INFO:colcon.colcon_notification.desktop_notification:Sending desktop notification using 'notify2'
[3.113s] DEBUG:colcon.colcon_core.event_reactor:joined thread
[3.138s] INFO:colcon.colcon_core.shell:Creating prefix script '/home/chelse/ros2_ws_ROB599_Project/install/local_setup.ps1'
[3.139s] INFO:colcon.colcon_core.shell:Creating prefix util module '/home/chelse/ros2_ws_ROB599_Project/install/_local_setup_util_ps1.py'
[3.141s] INFO:colcon.colcon_core.shell:Creating prefix chain script '/home/chelse/ros2_ws_ROB599_Project/install/setup.ps1'
[3.169s] INFO:colcon.colcon_core.shell:Creating prefix script '/home/chelse/ros2_ws_ROB599_Project/install/local_setup.sh'
[3.170s] INFO:colcon.colcon_core.shell:Creating prefix util module '/home/chelse/ros2_ws_ROB599_Project/install/_local_setup_util_sh.py'
[3.170s] INFO:colcon.colcon_core.shell:Creating prefix chain script '/home/chelse/ros2_ws_ROB599_Project/install/setup.sh'
[3.194s] INFO:colcon.colcon_core.shell:Creating prefix script '/home/chelse/ros2_ws_ROB599_Project/install/local_setup.bash'
[3.195s] INFO:colcon.colcon_core.shell:Creating prefix chain script '/home/chelse/ros2_ws_ROB599_Project/install/setup.bash'
[3.218s] INFO:colcon.colcon_core.shell:Creating prefix script '/home/chelse/ros2_ws_ROB599_Project/install/local_setup.zsh'
[3.219s] INFO:colcon.colcon_core.shell:Creating prefix chain script '/home/chelse/ros2_ws_ROB599_Project/install/setup.zsh'
