[0.693s] Invoking command in '/home/chelse/ros2_ws_ROB599_Project/src/blueberry_dc': PYTHONPATH=/home/chelse/ros2_ws_ROB599_Project/build/blueberry_dc/prefix_override:/home/chelse/ros2_ws_ROB599_Project/install/blueberry_dc/lib/python3.10/site-packages:${PYTHONPATH} /usr/bin/python3 setup.py egg_info --egg-base ../../build/blueberry_dc build --build-base /home/chelse/ros2_ws_ROB599_Project/build/blueberry_dc/build install --record /home/chelse/ros2_ws_ROB599_Project/build/blueberry_dc/install.log --single-version-externally-managed
[0.908s] running egg_info
[0.908s] writing ../../build/blueberry_dc/blueberry_dc.egg-info/PKG-INFO
[0.909s] writing dependency_links to ../../build/blueberry_dc/blueberry_dc.egg-info/dependency_links.txt
[0.909s] writing entry points to ../../build/blueberry_dc/blueberry_dc.egg-info/entry_points.txt
[0.909s] writing requirements to ../../build/blueberry_dc/blueberry_dc.egg-info/requires.txt
[0.909s] writing top-level names to ../../build/blueberry_dc/blueberry_dc.egg-info/top_level.txt
[0.910s] reading manifest file '../../build/blueberry_dc/blueberry_dc.egg-info/SOURCES.txt'
[0.911s] writing manifest file '../../build/blueberry_dc/blueberry_dc.egg-info/SOURCES.txt'
[0.911s] running build
[0.912s] running build_py
[0.912s] copying blueberry_dc/ros_bag_to_csv_old.py -> /home/chelse/ros2_ws_ROB599_Project/build/blueberry_dc/build/lib/blueberry_dc
[0.912s] copying blueberry_dc/ros_bag_play.py -> /home/chelse/ros2_ws_ROB599_Project/build/blueberry_dc/build/lib/blueberry_dc
[0.912s] running install
[0.912s] /usr/lib/python3/dist-packages/setuptools/command/install.py:34: SetuptoolsDeprecationWarning: setup.py install is deprecated. Use build and pip and other standards-based tools.
[0.912s]   warnings.warn(
[0.912s] running install_lib
[0.913s] copying /home/chelse/ros2_ws_ROB599_Project/build/blueberry_dc/build/lib/blueberry_dc/ros_bag_to_csv_old.py -> /home/chelse/ros2_ws_ROB599_Project/install/blueberry_dc/lib/python3.10/site-packages/blueberry_dc
[0.913s] copying /home/chelse/ros2_ws_ROB599_Project/build/blueberry_dc/build/lib/blueberry_dc/ros_bag_play.py -> /home/chelse/ros2_ws_ROB599_Project/install/blueberry_dc/lib/python3.10/site-packages/blueberry_dc
[0.914s] byte-compiling /home/chelse/ros2_ws_ROB599_Project/install/blueberry_dc/lib/python3.10/site-packages/blueberry_dc/ros_bag_to_csv_old.py to ros_bag_to_csv_old.cpython-310.pyc
[0.914s] byte-compiling /home/chelse/ros2_ws_ROB599_Project/install/blueberry_dc/lib/python3.10/site-packages/blueberry_dc/ros_bag_play.py to ros_bag_play.cpython-310.pyc
[0.914s] running install_data
[0.915s] running install_egg_info
[0.916s] removing '/home/chelse/ros2_ws_ROB599_Project/install/blueberry_dc/lib/python3.10/site-packages/blueberry_dc-0.0.0-py3.10.egg-info' (and everything under it)
[0.917s] Copying ../../build/blueberry_dc/blueberry_dc.egg-info to /home/chelse/ros2_ws_ROB599_Project/install/blueberry_dc/lib/python3.10/site-packages/blueberry_dc-0.0.0-py3.10.egg-info
[0.917s] running install_scripts
[0.936s] Installing arduino_interface script to /home/chelse/ros2_ws_ROB599_Project/install/blueberry_dc/lib/blueberry_dc
[0.936s] Installing bag_reader script to /home/chelse/ros2_ws_ROB599_Project/install/blueberry_dc/lib/blueberry_dc
[0.936s] Installing data_subscriber script to /home/chelse/ros2_ws_ROB599_Project/install/blueberry_dc/lib/blueberry_dc
[0.936s] Installing ros_bag_play script to /home/chelse/ros2_ws_ROB599_Project/install/blueberry_dc/lib/blueberry_dc
[0.936s] Installing ros_bag_to_csv script to /home/chelse/ros2_ws_ROB599_Project/install/blueberry_dc/lib/blueberry_dc
[0.936s] Installing ros_bag_to_csv_old script to /home/chelse/ros2_ws_ROB599_Project/install/blueberry_dc/lib/blueberry_dc
[0.936s] writing list of installed files to '/home/chelse/ros2_ws_ROB599_Project/build/blueberry_dc/install.log'
[0.956s] Invoked command in '/home/chelse/ros2_ws_ROB599_Project/src/blueberry_dc' returned '0': PYTHONPATH=/home/chelse/ros2_ws_ROB599_Project/build/blueberry_dc/prefix_override:/home/chelse/ros2_ws_ROB599_Project/install/blueberry_dc/lib/python3.10/site-packages:${PYTHONPATH} /usr/bin/python3 setup.py egg_info --egg-base ../../build/blueberry_dc build --build-base /home/chelse/ros2_ws_ROB599_Project/build/blueberry_dc/build install --record /home/chelse/ros2_ws_ROB599_Project/build/blueberry_dc/install.log --single-version-externally-managed
