[0.660s] Invoking command in '/home/chelse/ros2_ws_ROB599_Project/src/blueberry_dc': PYTHONPATH=/home/chelse/ros2_ws_ROB599_Project/build/blueberry_dc/prefix_override:/home/chelse/ros2_ws_ROB599_Project/install/blueberry_dc/lib/python3.10/site-packages:${PYTHONPATH} /usr/bin/python3 setup.py egg_info --egg-base ../../build/blueberry_dc build --build-base /home/chelse/ros2_ws_ROB599_Project/build/blueberry_dc/build install --record /home/chelse/ros2_ws_ROB599_Project/build/blueberry_dc/install.log --single-version-externally-managed
[0.880s] running egg_info
[0.881s] writing ../../build/blueberry_dc/blueberry_dc.egg-info/PKG-INFO
[0.881s] writing dependency_links to ../../build/blueberry_dc/blueberry_dc.egg-info/dependency_links.txt
[0.881s] writing entry points to ../../build/blueberry_dc/blueberry_dc.egg-info/entry_points.txt
[0.881s] writing requirements to ../../build/blueberry_dc/blueberry_dc.egg-info/requires.txt
[0.882s] writing top-level names to ../../build/blueberry_dc/blueberry_dc.egg-info/top_level.txt
[0.883s] reading manifest file '../../build/blueberry_dc/blueberry_dc.egg-info/SOURCES.txt'
[0.884s] writing manifest file '../../build/blueberry_dc/blueberry_dc.egg-info/SOURCES.txt'
[0.884s] running build
[0.884s] running build_py
[0.884s] running install
[0.884s] /usr/lib/python3/dist-packages/setuptools/command/install.py:34: SetuptoolsDeprecationWarning: setup.py install is deprecated. Use build and pip and other standards-based tools.
[0.884s]   warnings.warn(
[0.884s] running install_lib
[0.885s] running install_data
[0.886s] running install_egg_info
[0.887s] removing '/home/chelse/ros2_ws_ROB599_Project/install/blueberry_dc/lib/python3.10/site-packages/blueberry_dc-0.0.0-py3.10.egg-info' (and everything under it)
[0.888s] Copying ../../build/blueberry_dc/blueberry_dc.egg-info to /home/chelse/ros2_ws_ROB599_Project/install/blueberry_dc/lib/python3.10/site-packages/blueberry_dc-0.0.0-py3.10.egg-info
[0.888s] running install_scripts
[0.907s] Installing arduino_interface script to /home/chelse/ros2_ws_ROB599_Project/install/blueberry_dc/lib/blueberry_dc
[0.907s] Installing bag_reader script to /home/chelse/ros2_ws_ROB599_Project/install/blueberry_dc/lib/blueberry_dc
[0.907s] Installing data_subscriber script to /home/chelse/ros2_ws_ROB599_Project/install/blueberry_dc/lib/blueberry_dc
[0.907s] writing list of installed files to '/home/chelse/ros2_ws_ROB599_Project/build/blueberry_dc/install.log'
[0.926s] Invoked command in '/home/chelse/ros2_ws_ROB599_Project/src/blueberry_dc' returned '0': PYTHONPATH=/home/chelse/ros2_ws_ROB599_Project/build/blueberry_dc/prefix_override:/home/chelse/ros2_ws_ROB599_Project/install/blueberry_dc/lib/python3.10/site-packages:${PYTHONPATH} /usr/bin/python3 setup.py egg_info --egg-base ../../build/blueberry_dc build --build-base /home/chelse/ros2_ws_ROB599_Project/build/blueberry_dc/build install --record /home/chelse/ros2_ws_ROB599_Project/build/blueberry_dc/install.log --single-version-externally-managed
