running egg_info
creating ../build/blueberry_dc/blueberry_dc.egg-info
writing ../build/blueberry_dc/blueberry_dc.egg-info/PKG-INFO
writing dependency_links to ../build/blueberry_dc/blueberry_dc.egg-info/dependency_links.txt
writing entry points to ../build/blueberry_dc/blueberry_dc.egg-info/entry_points.txt
writing requirements to ../build/blueberry_dc/blueberry_dc.egg-info/requires.txt
writing top-level names to ../build/blueberry_dc/blueberry_dc.egg-info/top_level.txt
writing manifest file '../build/blueberry_dc/blueberry_dc.egg-info/SOURCES.txt'
reading manifest file '../build/blueberry_dc/blueberry_dc.egg-info/SOURCES.txt'
writing manifest file '../build/blueberry_dc/blueberry_dc.egg-info/SOURCES.txt'
running build
running build_py
creating /home/chelse/ros2_ws_ROB599_Project/build/blueberry_dc/build
creating /home/chelse/ros2_ws_ROB599_Project/build/blueberry_dc/build/lib
creating /home/chelse/ros2_ws_ROB599_Project/build/blueberry_dc/build/lib/blueberry_dc
copying blueberry_dc/__init__.py -> /home/chelse/ros2_ws_ROB599_Project/build/blueberry_dc/build/lib/blueberry_dc
running install
running install_lib
creating /home/chelse/ros2_ws_ROB599_Project/install/blueberry_dc/lib/python3.10/site-packages/blueberry_dc
copying /home/chelse/ros2_ws_ROB599_Project/build/blueberry_dc/build/lib/blueberry_dc/__init__.py -> /home/chelse/ros2_ws_ROB599_Project/install/blueberry_dc/lib/python3.10/site-packages/blueberry_dc
byte-compiling /home/chelse/ros2_ws_ROB599_Project/install/blueberry_dc/lib/python3.10/site-packages/blueberry_dc/__init__.py to __init__.cpython-310.pyc
running install_data
creating /home/chelse/ros2_ws_ROB599_Project/install/blueberry_dc/share/ament_index
creating /home/chelse/ros2_ws_ROB599_Project/install/blueberry_dc/share/ament_index/resource_index
creating /home/chelse/ros2_ws_ROB599_Project/install/blueberry_dc/share/ament_index/resource_index/packages
copying resource/blueberry_dc -> /home/chelse/ros2_ws_ROB599_Project/install/blueberry_dc/share/ament_index/resource_index/packages
copying package.xml -> /home/chelse/ros2_ws_ROB599_Project/install/blueberry_dc/share/blueberry_dc
running install_egg_info
Copying ../build/blueberry_dc/blueberry_dc.egg-info to /home/chelse/ros2_ws_ROB599_Project/install/blueberry_dc/lib/python3.10/site-packages/blueberry_dc-0.0.0-py3.10.egg-info
running install_scripts
writing list of installed files to '/home/chelse/ros2_ws_ROB599_Project/build/blueberry_dc/install.log'
