[0.965s] Invoking command in '/home/chelse/ros2_ws_ROB599_Project/blueberry_dc': PYTHONPATH=/home/chelse/ros2_ws_ROB599_Project/build/blueberry_dc/prefix_override:/home/chelse/ros2_ws_ROB599_Project/install/blueberry_dc/lib/python3.10/site-packages:${PYTHONPATH} /usr/bin/python3 setup.py egg_info --egg-base ../build/blueberry_dc build --build-base /home/chelse/ros2_ws_ROB599_Project/build/blueberry_dc/build install --record /home/chelse/ros2_ws_ROB599_Project/build/blueberry_dc/install.log --single-version-externally-managed
[1.287s] running egg_info
[1.288s] creating ../build/blueberry_dc/blueberry_dc.egg-info
[1.288s] writing ../build/blueberry_dc/blueberry_dc.egg-info/PKG-INFO
[1.289s] writing dependency_links to ../build/blueberry_dc/blueberry_dc.egg-info/dependency_links.txt
[1.290s] writing entry points to ../build/blueberry_dc/blueberry_dc.egg-info/entry_points.txt
[1.290s] writing requirements to ../build/blueberry_dc/blueberry_dc.egg-info/requires.txt
[1.290s] writing top-level names to ../build/blueberry_dc/blueberry_dc.egg-info/top_level.txt
[1.290s] writing manifest file '../build/blueberry_dc/blueberry_dc.egg-info/SOURCES.txt'
[1.293s] reading manifest file '../build/blueberry_dc/blueberry_dc.egg-info/SOURCES.txt'
[1.294s] writing manifest file '../build/blueberry_dc/blueberry_dc.egg-info/SOURCES.txt'
[1.294s] running build
[1.295s] running build_py
[1.295s] creating /home/chelse/ros2_ws_ROB599_Project/build/blueberry_dc/build
[1.295s] creating /home/chelse/ros2_ws_ROB599_Project/build/blueberry_dc/build/lib
[1.295s] creating /home/chelse/ros2_ws_ROB599_Project/build/blueberry_dc/build/lib/blueberry_dc
[1.296s] copying blueberry_dc/__init__.py -> /home/chelse/ros2_ws_ROB599_Project/build/blueberry_dc/build/lib/blueberry_dc
[1.296s] running install
[1.296s] /usr/lib/python3/dist-packages/setuptools/command/install.py:34: SetuptoolsDeprecationWarning: setup.py install is deprecated. Use build and pip and other standards-based tools.
[1.296s]   warnings.warn(
[1.296s] running install_lib
[1.297s] creating /home/chelse/ros2_ws_ROB599_Project/install/blueberry_dc/lib/python3.10/site-packages/blueberry_dc
[1.298s] copying /home/chelse/ros2_ws_ROB599_Project/build/blueberry_dc/build/lib/blueberry_dc/__init__.py -> /home/chelse/ros2_ws_ROB599_Project/install/blueberry_dc/lib/python3.10/site-packages/blueberry_dc
[1.298s] byte-compiling /home/chelse/ros2_ws_ROB599_Project/install/blueberry_dc/lib/python3.10/site-packages/blueberry_dc/__init__.py to __init__.cpython-310.pyc
[1.298s] running install_data
[1.299s] creating /home/chelse/ros2_ws_ROB599_Project/install/blueberry_dc/share/ament_index
[1.300s] creating /home/chelse/ros2_ws_ROB599_Project/install/blueberry_dc/share/ament_index/resource_index
[1.300s] creating /home/chelse/ros2_ws_ROB599_Project/install/blueberry_dc/share/ament_index/resource_index/packages
[1.300s] copying resource/blueberry_dc -> /home/chelse/ros2_ws_ROB599_Project/install/blueberry_dc/share/ament_index/resource_index/packages
[1.300s] copying package.xml -> /home/chelse/ros2_ws_ROB599_Project/install/blueberry_dc/share/blueberry_dc
[1.300s] running install_egg_info
[1.302s] Copying ../build/blueberry_dc/blueberry_dc.egg-info to /home/chelse/ros2_ws_ROB599_Project/install/blueberry_dc/lib/python3.10/site-packages/blueberry_dc-0.0.0-py3.10.egg-info
[1.304s] running install_scripts
[1.333s] writing list of installed files to '/home/chelse/ros2_ws_ROB599_Project/build/blueberry_dc/install.log'
[1.364s] Invoked command in '/home/chelse/ros2_ws_ROB599_Project/blueberry_dc' returned '0': PYTHONPATH=/home/chelse/ros2_ws_ROB599_Project/build/blueberry_dc/prefix_override:/home/chelse/ros2_ws_ROB599_Project/install/blueberry_dc/lib/python3.10/site-packages:${PYTHONPATH} /usr/bin/python3 setup.py egg_info --egg-base ../build/blueberry_dc build --build-base /home/chelse/ros2_ws_ROB599_Project/build/blueberry_dc/build install --record /home/chelse/ros2_ws_ROB599_Project/build/blueberry_dc/install.log --single-version-externally-managed
