[0.974s] Invoking command in '/home/chelse/ros2_ws_ROB599_Project/src/blueberry_dc': PYTHONPATH=/home/chelse/ros2_ws_ROB599_Project/build/blueberry_dc/prefix_override:/home/chelse/ros2_ws_ROB599_Project/install/blueberry_dc/lib/python3.10/site-packages:${PYTHONPATH} /usr/bin/python3 setup.py egg_info --egg-base ../../build/blueberry_dc build --build-base /home/chelse/ros2_ws_ROB599_Project/build/blueberry_dc/build install --record /home/chelse/ros2_ws_ROB599_Project/build/blueberry_dc/install.log --single-version-externally-managed
[1.290s] running egg_info
[1.290s] writing ../../build/blueberry_dc/blueberry_dc.egg-info/PKG-INFO
[1.291s] writing dependency_links to ../../build/blueberry_dc/blueberry_dc.egg-info/dependency_links.txt
[1.291s] writing entry points to ../../build/blueberry_dc/blueberry_dc.egg-info/entry_points.txt
[1.292s] writing requirements to ../../build/blueberry_dc/blueberry_dc.egg-info/requires.txt
[1.292s] writing top-level names to ../../build/blueberry_dc/blueberry_dc.egg-info/top_level.txt
[1.294s] reading manifest file '../../build/blueberry_dc/blueberry_dc.egg-info/SOURCES.txt'
[1.296s] writing manifest file '../../build/blueberry_dc/blueberry_dc.egg-info/SOURCES.txt'
[1.296s] running build
[1.296s] running build_py
[1.296s] copying blueberry_dc/arduino_interface.py -> /home/chelse/ros2_ws_ROB599_Project/build/blueberry_dc/build/lib/blueberry_dc
[1.297s] running install
[1.297s] /usr/lib/python3/dist-packages/setuptools/command/install.py:34: SetuptoolsDeprecationWarning: setup.py install is deprecated. Use build and pip and other standards-based tools.
[1.297s]   warnings.warn(
[1.298s] running install_lib
[1.299s] copying /home/chelse/ros2_ws_ROB599_Project/build/blueberry_dc/build/lib/blueberry_dc/arduino_interface.py -> /home/chelse/ros2_ws_ROB599_Project/install/blueberry_dc/lib/python3.10/site-packages/blueberry_dc
[1.299s] byte-compiling /home/chelse/ros2_ws_ROB599_Project/install/blueberry_dc/lib/python3.10/site-packages/blueberry_dc/arduino_interface.py to arduino_interface.cpython-310.pyc
[1.301s] running install_data
[1.301s] creating /home/chelse/ros2_ws_ROB599_Project/install/blueberry_dc/share/blueberry_dc/launch
[1.302s] copying launch/blueberry_dc.launch.py -> /home/chelse/ros2_ws_ROB599_Project/install/blueberry_dc/share/blueberry_dc/launch
[1.302s] running install_egg_info
[1.304s] removing '/home/chelse/ros2_ws_ROB599_Project/install/blueberry_dc/lib/python3.10/site-packages/blueberry_dc-0.0.0-py3.10.egg-info' (and everything under it)
[1.305s] Copying ../../build/blueberry_dc/blueberry_dc.egg-info to /home/chelse/ros2_ws_ROB599_Project/install/blueberry_dc/lib/python3.10/site-packages/blueberry_dc-0.0.0-py3.10.egg-info
[1.306s] running install_scripts
[1.332s] Installing arduino_interface script to /home/chelse/ros2_ws_ROB599_Project/install/blueberry_dc/lib/blueberry_dc
[1.332s] Installing bag_reader script to /home/chelse/ros2_ws_ROB599_Project/install/blueberry_dc/lib/blueberry_dc
[1.333s] Installing data_subscriber script to /home/chelse/ros2_ws_ROB599_Project/install/blueberry_dc/lib/blueberry_dc
[1.333s] writing list of installed files to '/home/chelse/ros2_ws_ROB599_Project/build/blueberry_dc/install.log'
[1.361s] Invoked command in '/home/chelse/ros2_ws_ROB599_Project/src/blueberry_dc' returned '0': PYTHONPATH=/home/chelse/ros2_ws_ROB599_Project/build/blueberry_dc/prefix_override:/home/chelse/ros2_ws_ROB599_Project/install/blueberry_dc/lib/python3.10/site-packages:${PYTHONPATH} /usr/bin/python3 setup.py egg_info --egg-base ../../build/blueberry_dc build --build-base /home/chelse/ros2_ws_ROB599_Project/build/blueberry_dc/build install --record /home/chelse/ros2_ws_ROB599_Project/build/blueberry_dc/install.log --single-version-externally-managed
